# JRE version: Java(TM) SE Runtime Environment (8.0_144-b01) (build 1.8.0_144-b01)
# Java VM: Java HotSpot(TM) 64-Bit Server VM (25.144-b01 mixed mode windows-amd64 compressed oops)
Heap:
 PSYoungGen      total 425472K, used 376832K [0x000000078ab00000, 0x00000007b0500000, 0x00000007c0000000)
  eden space 376832K, 100% used [0x000000078ab00000,0x00000007a1b00000,0x00000007a1b00000)
  from space 48640K, 0% used [0x00000007a1b00000,0x00000007a1b00000,0x00000007a4a80000)
  to   space 48128K, 3% used [0x00000007ad600000,0x00000007ad7aa940,0x00000007b0500000)
 ParOldGen       total 144896K, used 41369K [0x0000000720000000, 0x0000000728d80000, 0x000000078ab00000)
  object space 144896K, 28% used [0x0000000720000000,0x0000000722866400,0x0000000728d80000)
 Metaspace       used 47513K, capacity 48358K, committed 48680K, reserved 1091584K
  class space    used 5657K, capacity 5868K, committed 5936K, reserved 1048576K
GC Heap History (10 events):
Event: 8.643 GC heap after
Heap after GC invocations=7 (full 1):
 PSYoungGen      total 260096K, used 23538K [0x000000078ab00000, 0x000000079e000000, 0x00000007c0000000)
  eden space 236544K, 0% used [0x000000078ab00000,0x000000078ab00000,0x0000000799200000)
  from space 23552K, 99% used [0x000000079b000000,0x000000079c6fca00,0x000000079c700000)
  to   space 30720K, 0% used [0x0000000799200000,0x0000000799200000,0x000000079b000000)
 ParOldGen       total 86528K, used 38241K [0x0000000720000000, 0x0000000725480000, 0x000000078ab00000)
  object space 86528K, 44% used [0x0000000720000000,0x0000000722558708,0x0000000725480000)
 Metaspace       used 23890K, capacity 24370K, committed 24496K, reserved 1071104K
  class space    used 2776K, capacity 2902K, committed 2992K, reserved 1048576K
}
Event: 9.636 GC heap before
{Heap before GC invocations=8 (full 1):
 PSYoungGen      total 260096K, used 260082K [0x000000078ab00000, 0x000000079e000000, 0x00000007c0000000)
  eden space 236544K, 100% used [0x000000078ab00000,0x0000000799200000,0x0000000799200000)
  from space 23552K, 99% used [0x000000079b000000,0x000000079c6fca00,0x000000079c700000)
  to   space 30720K, 0% used [0x0000000799200000,0x0000000799200000,0x000000079b000000)
 ParOldGen       total 86528K, used 38241K [0x0000000720000000, 0x0000000725480000, 0x000000078ab00000)
  object space 86528K, 44% used [0x0000000720000000,0x0000000722558708,0x0000000725480000)
 Metaspace       used 23914K, capacity 24476K, committed 24752K, reserved 1071104K
  class space    used 2780K, capacity 2936K, committed 2992K, reserved 1048576K
Event: 9.734 GC heap after
Heap after GC invocations=8 (full 1):
 PSYoungGen      total 267264K, used 30714K [0x000000078ab00000, 0x00000007a7480000, 0x00000007c0000000)
  eden space 236544K, 0% used [0x000000078ab00000,0x000000078ab00000,0x0000000799200000)
  from space 30720K, 99% used [0x0000000799200000,0x000000079affe9b8,0x000000079b000000)
  to   space 43008K, 0% used [0x00000007a4a80000,0x00000007a4a80000,0x00000007a7480000)
 ParOldGen       total 86528K, used 50415K [0x0000000720000000, 0x0000000725480000, 0x000000078ab00000)
  object space 86528K, 58% used [0x0000000720000000,0x000000072313bc80,0x0000000725480000)
 Metaspace       used 23914K, capacity 24476K, committed 24752K, reserved 1071104K
  class space    used 2780K, capacity 2936K, committed 2992K, reserved 1048576K
}
Event: 10.634 GC heap before
{Heap before GC invocations=9 (full 1):
 PSYoungGen      total 267264K, used 267258K [0x000000078ab00000, 0x00000007a7480000, 0x00000007c0000000)
  eden space 236544K, 100% used [0x000000078ab00000,0x0000000799200000,0x0000000799200000)
  from space 30720K, 99% used [0x0000000799200000,0x000000079affe9b8,0x000000079b000000)
  to   space 43008K, 0% used [0x00000007a4a80000,0x00000007a4a80000,0x00000007a7480000)
 ParOldGen       total 86528K, used 50415K [0x0000000720000000, 0x0000000725480000, 0x000000078ab00000)
  object space 86528K, 58% used [0x0000000720000000,0x000000072313bc80,0x0000000725480000)
 Metaspace       used 23914K, capacity 24476K, committed 24752K, reserved 1071104K
  class space    used 2780K, capacity 2936K, committed 2992K, reserved 1048576K
Event: 10.734 GC heap after
Heap after GC invocations=9 (full 1):
 PSYoungGen      total 419840K, used 38800K [0x000000078ab00000, 0x00000007a8980000, 0x00000007c0000000)
  eden space 376832K, 0% used [0x000000078ab00000,0x000000078ab00000,0x00000007a1b00000)
  from space 43008K, 90% used [0x00000007a4a80000,0x00000007a7064218,0x00000007a7480000)
  to   space 48640K, 0% used [0x00000007a1b00000,0x00000007a1b00000,0x00000007a4a80000)
 ParOldGen       total 86528K, used 50415K [0x0000000720000000, 0x0000000725480000, 0x000000078ab00000)
  object space 86528K, 58% used [0x0000000720000000,0x000000072313bc80,0x0000000725480000)
 Metaspace       used 23914K, capacity 24476K, committed 24752K, reserved 1071104K
  class space    used 2780K, capacity 2936K, committed 2992K, reserved 1048576K
}
Event: 13.027 GC heap before
{Heap before GC invocations=10 (full 1):
 PSYoungGen      total 419840K, used 242766K [0x000000078ab00000, 0x00000007a8980000, 0x00000007c0000000)
  eden space 376832K, 54% used [0x000000078ab00000,0x000000079722f920,0x00000007a1b00000)
  from space 43008K, 90% used [0x00000007a4a80000,0x00000007a7064218,0x00000007a7480000)
  to   space 48640K, 0% used [0x00000007a1b00000,0x00000007a1b00000,0x00000007a4a80000)
 ParOldGen       total 86528K, used 50415K [0x0000000720000000, 0x0000000725480000, 0x000000078ab00000)
  object space 86528K, 58% used [0x0000000720000000,0x000000072313bc80,0x0000000725480000)
 Metaspace       used 34641K, capacity 35320K, committed 35496K, reserved 1081344K
  class space    used 4073K, capacity 4266K, committed 4272K, reserved 1048576K
Event: 13.116 GC heap after
Heap after GC invocations=10 (full 1):
 PSYoungGen      total 425472K, used 27020K [0x000000078ab00000, 0x00000007b0500000, 0x00000007c0000000)
  eden space 376832K, 0% used [0x000000078ab00000,0x000000078ab00000,0x00000007a1b00000)
  from space 48640K, 55% used [0x00000007a1b00000,0x00000007a3563310,0x00000007a4a80000)
  to   space 48128K, 0% used [0x00000007ad600000,0x00000007ad600000,0x00000007b0500000)
 ParOldGen       total 86528K, used 51998K [0x0000000720000000, 0x0000000725480000, 0x000000078ab00000)
  object space 86528K, 60% used [0x0000000720000000,0x00000007232c79a0,0x0000000725480000)
 Metaspace       used 34641K, capacity 35320K, committed 35496K, reserved 1081344K
  class space    used 4073K, capacity 4266K, committed 4272K, reserved 1048576K
}
Event: 13.116 GC heap before
{Heap before GC invocations=11 (full 2):
 PSYoungGen      total 425472K, used 27020K [0x000000078ab00000, 0x00000007b0500000, 0x00000007c0000000)
  eden space 376832K, 0% used [0x000000078ab00000,0x000000078ab00000,0x00000007a1b00000)
  from space 48640K, 55% used [0x00000007a1b00000,0x00000007a3563310,0x00000007a4a80000)
  to   space 48128K, 0% used [0x00000007ad600000,0x00000007ad600000,0x00000007b0500000)
 ParOldGen       total 86528K, used 51998K [0x0000000720000000, 0x0000000725480000, 0x000000078ab00000)
  object space 86528K, 60% used [0x0000000720000000,0x00000007232c79a0,0x0000000725480000)
 Metaspace       used 34641K, capacity 35320K, committed 35496K, reserved 1081344K
  class space    used 4073K, capacity 4266K, committed 4272K, reserved 1048576K
Event: 13.395 GC heap after
Heap after GC invocations=11 (full 2):
 PSYoungGen      total 425472K, used 0K [0x000000078ab00000, 0x00000007b0500000, 0x00000007c0000000)
  eden space 376832K, 0% used [0x000000078ab00000,0x000000078ab00000,0x00000007a1b00000)
  from space 48640K, 0% used [0x00000007a1b00000,0x00000007a1b00000,0x00000007a4a80000)
  to   space 48128K, 0% used [0x00000007ad600000,0x00000007ad600000,0x00000007b0500000)
 ParOldGen       total 144896K, used 41369K [0x0000000720000000, 0x0000000728d80000, 0x000000078ab00000)
  object space 144896K, 28% used [0x0000000720000000,0x0000000722866400,0x0000000728d80000)
 Metaspace       used 34641K, capacity 35320K, committed 35496K, reserved 1081344K
  class space    used 4073K, capacity 4266K, committed 4272K, reserved 1048576K
}
Event: 21146.712 GC heap before
{Heap before GC invocations=12 (full 2):
 PSYoungGen      total 425472K, used 376832K [0x000000078ab00000, 0x00000007b0500000, 0x00000007c0000000)
  eden space 376832K, 100% used [0x000000078ab00000,0x00000007a1b00000,0x00000007a1b00000)
  from space 48640K, 0% used [0x00000007a1b00000,0x00000007a1b00000,0x00000007a4a80000)
  to   space 48128K, 0% used [0x00000007ad600000,0x00000007ad600000,0x00000007b0500000)
 ParOldGen       total 144896K, used 41369K [0x0000000720000000, 0x0000000728d80000, 0x000000078ab00000)
  object space 144896K, 28% used [0x0000000720000000,0x0000000722866400,0x0000000728d80000)
 Metaspace       used 47513K, capacity 48358K, committed 48680K, reserved 1091584K
  class space    used 5657K, capacity 5868K, committed 5936K, reserved 1048576K

