# JRE version: Java(TM) SE Runtime Environment (8.0_144-b01) (build 1.8.0_144-b01)
# Java VM: Java HotSpot(TM) 64-Bit Server VM (25.144-b01 mixed mode windows-amd64 compressed oops)
Heap:
 PSYoungGen      total 687104K, used 338312K [0x000000078ab00000, 0x00000007c0000000, 0x00000007c0000000)
  eden space 646144K, 52% used [0x000000078ab00000,0x000000079f4ffac0,0x00000007b2200000)
  from space 40960K, 0% used [0x00000007b2200000,0x00000007b2262840,0x00000007b4a00000)
  to   space 41472K, 0% used [0x00000007bd780000,0x00000007bd780000,0x00000007c0000000)
 ParOldGen       total 115712K, used 52043K [0x0000000720000000, 0x0000000727100000, 0x000000078ab00000)
  object space 115712K, 44% used [0x0000000720000000,0x00000007232d2ca8,0x0000000727100000)
 Metaspace       used 47756K, capacity 48556K, committed 48936K, reserved 1091584K
  class space    used 5662K, capacity 5869K, committed 5936K, reserved 1048576K
GC Heap History (10 events):
Event: 25.090 GC heap before
{Heap before GC invocations=13 (full 2):
 PSYoungGen      total 328704K, used 26413K [0x000000078ab00000, 0x00000007aac80000, 0x00000007c0000000)
  eden space 287232K, 0% used [0x000000078ab00000,0x000000078ab00000,0x000000079c380000)
  from space 41472K, 63% used [0x000000079c380000,0x000000079dd4b4a0,0x000000079ec00000)
  to   space 42496K, 0% used [0x00000007a8300000,0x00000007a8300000,0x00000007aac80000)
 ParOldGen       total 77824K, used 47065K [0x0000000720000000, 0x0000000724c00000, 0x000000078ab00000)
  object space 77824K, 60% used [0x0000000720000000,0x0000000722df6640,0x0000000724c00000)
 Metaspace       used 34641K, capacity 35320K, committed 35496K, reserved 1081344K
  class space    used 4063K, capacity 4266K, committed 4272K, reserved 1048576K
Event: 25.281 GC heap after
Heap after GC invocations=13 (full 2):
 PSYoungGen      total 328704K, used 0K [0x000000078ab00000, 0x00000007aac80000, 0x00000007c0000000)
  eden space 287232K, 0% used [0x000000078ab00000,0x000000078ab00000,0x000000079c380000)
  from space 41472K, 0% used [0x000000079c380000,0x000000079c380000,0x000000079ec00000)
  to   space 42496K, 0% used [0x00000007a8300000,0x00000007a8300000,0x00000007aac80000)
 ParOldGen       total 115712K, used 41265K [0x0000000720000000, 0x0000000727100000, 0x000000078ab00000)
  object space 115712K, 35% used [0x0000000720000000,0x000000072284c450,0x0000000727100000)
 Metaspace       used 34641K, capacity 35320K, committed 35496K, reserved 1081344K
  class space    used 4063K, capacity 4266K, committed 4272K, reserved 1048576K
}
Event: 31.511 GC heap before
{Heap before GC invocations=14 (full 2):
 PSYoungGen      total 328704K, used 287232K [0x000000078ab00000, 0x00000007aac80000, 0x00000007c0000000)
  eden space 287232K, 100% used [0x000000078ab00000,0x000000079c380000,0x000000079c380000)
  from space 41472K, 0% used [0x000000079c380000,0x000000079c380000,0x000000079ec00000)
  to   space 42496K, 0% used [0x00000007a8300000,0x00000007a8300000,0x00000007aac80000)
 ParOldGen       total 115712K, used 41265K [0x0000000720000000, 0x0000000727100000, 0x000000078ab00000)
  object space 115712K, 35% used [0x0000000720000000,0x000000072284c450,0x0000000727100000)
 Metaspace       used 41963K, capacity 42720K, committed 43176K, reserved 1087488K
  class space    used 5009K, capacity 5214K, committed 5296K, reserved 1048576K
Event: 31.541 GC heap after
Heap after GC invocations=14 (full 2):
 PSYoungGen      total 474112K, used 12568K [0x000000078ab00000, 0x00000007aa680000, 0x00000007c0000000)
  eden space 437760K, 0% used [0x000000078ab00000,0x000000078ab00000,0x00000007a5680000)
  from space 36352K, 34% used [0x00000007a8300000,0x00000007a8f463c8,0x00000007aa680000)
  to   space 40960K, 0% used [0x00000007a5680000,0x00000007a5680000,0x00000007a7e80000)
 ParOldGen       total 115712K, used 41273K [0x0000000720000000, 0x0000000727100000, 0x000000078ab00000)
  object space 115712K, 35% used [0x0000000720000000,0x000000072284e450,0x0000000727100000)
 Metaspace       used 41963K, capacity 42720K, committed 43176K, reserved 1087488K
  class space    used 5009K, capacity 5214K, committed 5296K, reserved 1048576K
}
Event: 7146.890 GC heap before
{Heap before GC invocations=15 (full 2):
 PSYoungGen      total 474112K, used 450328K [0x000000078ab00000, 0x00000007aa680000, 0x00000007c0000000)
  eden space 437760K, 100% used [0x000000078ab00000,0x00000007a5680000,0x00000007a5680000)
  from space 36352K, 34% used [0x00000007a8300000,0x00000007a8f463c8,0x00000007aa680000)
  to   space 40960K, 0% used [0x00000007a5680000,0x00000007a5680000,0x00000007a7e80000)
 ParOldGen       total 115712K, used 41273K [0x0000000720000000, 0x0000000727100000, 0x000000078ab00000)
  object space 115712K, 35% used [0x0000000720000000,0x000000072284e450,0x0000000727100000)
 Metaspace       used 47416K, capacity 48160K, committed 48680K, reserved 1091584K
  class space    used 5657K, capacity 5867K, committed 5936K, reserved 1048576K
Event: 7146.916 GC heap after
Heap after GC invocations=15 (full 2):
 PSYoungGen      total 478720K, used 9250K [0x000000078ab00000, 0x00000007b7c00000, 0x00000007c0000000)
  eden space 437760K, 0% used [0x000000078ab00000,0x000000078ab00000,0x00000007a5680000)
  from space 40960K, 22% used [0x00000007a5680000,0x00000007a5f88ab8,0x00000007a7e80000)
  to   space 40448K, 0% used [0x00000007b5480000,0x00000007b5480000,0x00000007b7c00000)
 ParOldGen       total 115712K, used 47290K [0x0000000720000000, 0x0000000727100000, 0x000000078ab00000)
  object space 115712K, 40% used [0x0000000720000000,0x0000000722e2e818,0x0000000727100000)
 Metaspace       used 47416K, capacity 48160K, committed 48680K, reserved 1091584K
  class space    used 5657K, capacity 5867K, committed 5936K, reserved 1048576K
}
Event: 10680.510 GC heap before
{Heap before GC invocations=16 (full 2):
 PSYoungGen      total 478720K, used 447010K [0x000000078ab00000, 0x00000007b7c00000, 0x00000007c0000000)
  eden space 437760K, 100% used [0x000000078ab00000,0x00000007a5680000,0x00000007a5680000)
  from space 40960K, 22% used [0x00000007a5680000,0x00000007a5f88ab8,0x00000007a7e80000)
  to   space 40448K, 0% used [0x00000007b5480000,0x00000007b5480000,0x00000007b7c00000)
 ParOldGen       total 115712K, used 47290K [0x0000000720000000, 0x0000000727100000, 0x000000078ab00000)
  object space 115712K, 40% used [0x0000000720000000,0x0000000722e2e818,0x0000000727100000)
 Metaspace       used 47566K, capacity 48294K, committed 48680K, reserved 1091584K
  class space    used 5660K, capacity 5868K, committed 5936K, reserved 1048576K
Event: 10680.522 GC heap after
Heap after GC invocations=16 (full 2):
 PSYoungGen      total 676352K, used 96K [0x000000078ab00000, 0x00000007b7200000, 0x00000007c0000000)
  eden space 646144K, 0% used [0x000000078ab00000,0x000000078ab00000,0x00000007b2200000)
  from space 30208K, 0% used [0x00000007b5480000,0x00000007b5498020,0x00000007b7200000)
  to   space 40960K, 0% used [0x00000007b2200000,0x00000007b2200000,0x00000007b4a00000)
 ParOldGen       total 115712K, used 51963K [0x0000000720000000, 0x0000000727100000, 0x000000078ab00000)
  object space 115712K, 44% used [0x0000000720000000,0x00000007232bec68,0x0000000727100000)
 Metaspace       used 47566K, capacity 48294K, committed 48680K, reserved 1091584K
  class space    used 5660K, capacity 5868K, committed 5936K, reserved 1048576K
}
Event: 14761.858 GC heap before
{Heap before GC invocations=17 (full 2):
 PSYoungGen      total 676352K, used 646240K [0x000000078ab00000, 0x00000007b7200000, 0x00000007c0000000)
  eden space 646144K, 100% used [0x000000078ab00000,0x00000007b2200000,0x00000007b2200000)
  from space 30208K, 0% used [0x00000007b5480000,0x00000007b5498020,0x00000007b7200000)
  to   space 40960K, 0% used [0x00000007b2200000,0x00000007b2200000,0x00000007b4a00000)
 ParOldGen       total 115712K, used 51963K [0x0000000720000000, 0x0000000727100000, 0x000000078ab00000)
  object space 115712K, 44% used [0x0000000720000000,0x00000007232bec68,0x0000000727100000)
 Metaspace       used 47671K, capacity 48486K, committed 48936K, reserved 1091584K
  class space    used 5660K, capacity 5868K, committed 5936K, reserved 1048576K
Event: 14761.995 GC heap after
Heap after GC invocations=17 (full 2):
 PSYoungGen      total 687104K, used 394K [0x000000078ab00000, 0x00000007c0000000, 0x00000007c0000000)
  eden space 646144K, 0% used [0x000000078ab00000,0x000000078ab00000,0x00000007b2200000)
  from space 40960K, 0% used [0x00000007b2200000,0x00000007b2262840,0x00000007b4a00000)
  to   space 41472K, 0% used [0x00000007bd780000,0x00000007bd780000,0x00000007c0000000)
 ParOldGen       total 115712K, used 52043K [0x0000000720000000, 0x0000000727100000, 0x000000078ab00000)
  object space 115712K, 44% used [0x0000000720000000,0x00000007232d2ca8,0x0000000727100000)
 Metaspace       used 47671K, capacity 48486K, committed 48936K, reserved 1091584K
  class space    used 5660K, capacity 5868K, committed 5936K, reserved 1048576K
}

