# JRE version: Java(TM) SE Runtime Environment (8.0_144-b01) (build 1.8.0_144-b01)
# Java VM: Java HotSpot(TM) 64-Bit Server VM (25.144-b01 mixed mode windows-amd64 compressed oops)
Heap:
 PSYoungGen      total 441344K, used 392192K [0x000000078ab00000, 0x00000007b2c00000, 0x00000007c0000000)
  eden space 392192K, 100% used [0x000000078ab00000,0x00000007a2a00000,0x00000007a2a00000)
  from space 49152K, 0% used [0x00000007a2a00000,0x00000007a2a00000,0x00000007a5a00000)
  to   space 48128K, 0% used [0x00000007afd00000,0x00000007afd10000,0x00000007b2c00000)
 ParOldGen       total 145408K, used 40220K [0x0000000720000000, 0x0000000728e00000, 0x000000078ab00000)
  object space 145408K, 27% used [0x0000000720000000,0x00000007227470c0,0x0000000728e00000)
 Metaspace       used 42099K, capacity 42782K, committed 43048K, reserved 1087488K
  class space    used 4931K, capacity 5143K, committed 5168K, reserved 1048576K
GC Heap History (10 events):
Event: 8.061 GC heap after
Heap after GC invocations=7 (full 1):
 PSYoungGen      total 261632K, used 23545K [0x000000078ab00000, 0x000000079e880000, 0x00000007c0000000)
  eden space 238080K, 0% used [0x000000078ab00000,0x000000078ab00000,0x0000000799380000)
  from space 23552K, 99% used [0x000000079b300000,0x000000079c9fe7d8,0x000000079ca00000)
  to   space 32256K, 0% used [0x0000000799380000,0x0000000799380000,0x000000079b300000)
 ParOldGen       total 88064K, used 40592K [0x0000000720000000, 0x0000000725600000, 0x000000078ab00000)
  object space 88064K, 46% used [0x0000000720000000,0x00000007227a42b8,0x0000000725600000)
 Metaspace       used 23942K, capacity 24480K, committed 24752K, reserved 1071104K
  class space    used 2778K, capacity 2937K, committed 2992K, reserved 1048576K
}
Event: 8.998 GC heap before
{Heap before GC invocations=8 (full 1):
 PSYoungGen      total 261632K, used 261625K [0x000000078ab00000, 0x000000079e880000, 0x00000007c0000000)
  eden space 238080K, 100% used [0x000000078ab00000,0x0000000799380000,0x0000000799380000)
  from space 23552K, 99% used [0x000000079b300000,0x000000079c9fe7d8,0x000000079ca00000)
  to   space 32256K, 0% used [0x0000000799380000,0x0000000799380000,0x000000079b300000)
 ParOldGen       total 88064K, used 40592K [0x0000000720000000, 0x0000000725600000, 0x000000078ab00000)
  object space 88064K, 46% used [0x0000000720000000,0x00000007227a42b8,0x0000000725600000)
 Metaspace       used 23963K, capacity 24548K, committed 24752K, reserved 1071104K
  class space    used 2781K, capacity 2937K, committed 2992K, reserved 1048576K
Event: 9.077 GC heap after
Heap after GC invocations=8 (full 1):
 PSYoungGen      total 270336K, used 32253K [0x000000078ab00000, 0x00000007a8700000, 0x00000007c0000000)
  eden space 238080K, 0% used [0x000000078ab00000,0x000000078ab00000,0x0000000799380000)
  from space 32256K, 99% used [0x0000000799380000,0x000000079b2ff658,0x000000079b300000)
  to   space 45056K, 0% used [0x00000007a5b00000,0x00000007a5b00000,0x00000007a8700000)
 ParOldGen       total 88064K, used 53643K [0x0000000720000000, 0x0000000725600000, 0x000000078ab00000)
  object space 88064K, 60% used [0x0000000720000000,0x0000000723462f28,0x0000000725600000)
 Metaspace       used 23963K, capacity 24548K, committed 24752K, reserved 1071104K
  class space    used 2781K, capacity 2937K, committed 2992K, reserved 1048576K
}
Event: 11.476 GC heap before
{Heap before GC invocations=9 (full 1):
 PSYoungGen      total 270336K, used 270333K [0x000000078ab00000, 0x00000007a8700000, 0x00000007c0000000)
  eden space 238080K, 100% used [0x000000078ab00000,0x0000000799380000,0x0000000799380000)
  from space 32256K, 99% used [0x0000000799380000,0x000000079b2ff658,0x000000079b300000)
  to   space 45056K, 0% used [0x00000007a5b00000,0x00000007a5b00000,0x00000007a8700000)
 ParOldGen       total 88064K, used 53643K [0x0000000720000000, 0x0000000725600000, 0x000000078ab00000)
  object space 88064K, 60% used [0x0000000720000000,0x0000000723462f28,0x0000000725600000)
 Metaspace       used 32001K, capacity 32606K, committed 32944K, reserved 1079296K
  class space    used 3755K, capacity 3915K, committed 4016K, reserved 1048576K
Event: 11.541 GC heap after
Heap after GC invocations=9 (full 1):
 PSYoungGen      total 437248K, used 36676K [0x000000078ab00000, 0x00000007a8a00000, 0x00000007c0000000)
  eden space 392192K, 0% used [0x000000078ab00000,0x000000078ab00000,0x00000007a2a00000)
  from space 45056K, 81% used [0x00000007a5b00000,0x00000007a7ed1340,0x00000007a8700000)
  to   space 49152K, 0% used [0x00000007a2a00000,0x00000007a2a00000,0x00000007a5a00000)
 ParOldGen       total 88064K, used 53651K [0x0000000720000000, 0x0000000725600000, 0x000000078ab00000)
  object space 88064K, 60% used [0x0000000720000000,0x0000000723464f28,0x0000000725600000)
 Metaspace       used 32001K, capacity 32606K, committed 32944K, reserved 1079296K
  class space    used 3755K, capacity 3915K, committed 4016K, reserved 1048576K
}
Event: 12.274 GC heap before
{Heap before GC invocations=10 (full 1):
 PSYoungGen      total 437248K, used 76600K [0x000000078ab00000, 0x00000007a8a00000, 0x00000007c0000000)
  eden space 392192K, 10% used [0x000000078ab00000,0x000000078d1fcfe0,0x00000007a2a00000)
  from space 45056K, 81% used [0x00000007a5b00000,0x00000007a7ed1340,0x00000007a8700000)
  to   space 49152K, 0% used [0x00000007a2a00000,0x00000007a2a00000,0x00000007a5a00000)
 ParOldGen       total 88064K, used 53651K [0x0000000720000000, 0x0000000725600000, 0x000000078ab00000)
  object space 88064K, 60% used [0x0000000720000000,0x0000000723464f28,0x0000000725600000)
 Metaspace       used 34808K, capacity 35370K, committed 35496K, reserved 1081344K
  class space    used 4065K, capacity 4237K, committed 4272K, reserved 1048576K
Event: 12.349 GC heap after
Heap after GC invocations=10 (full 1):
 PSYoungGen      total 441344K, used 11009K [0x000000078ab00000, 0x00000007b2c00000, 0x00000007c0000000)
  eden space 392192K, 0% used [0x000000078ab00000,0x000000078ab00000,0x00000007a2a00000)
  from space 49152K, 22% used [0x00000007a2a00000,0x00000007a34c0598,0x00000007a5a00000)
  to   space 48128K, 0% used [0x00000007afd00000,0x00000007afd00000,0x00000007b2c00000)
 ParOldGen       total 88064K, used 57908K [0x0000000720000000, 0x0000000725600000, 0x000000078ab00000)
  object space 88064K, 65% used [0x0000000720000000,0x000000072388d118,0x0000000725600000)
 Metaspace       used 34808K, capacity 35370K, committed 35496K, reserved 1081344K
  class space    used 4065K, capacity 4237K, committed 4272K, reserved 1048576K
}
Event: 12.349 GC heap before
{Heap before GC invocations=11 (full 2):
 PSYoungGen      total 441344K, used 11009K [0x000000078ab00000, 0x00000007b2c00000, 0x00000007c0000000)
  eden space 392192K, 0% used [0x000000078ab00000,0x000000078ab00000,0x00000007a2a00000)
  from space 49152K, 22% used [0x00000007a2a00000,0x00000007a34c0598,0x00000007a5a00000)
  to   space 48128K, 0% used [0x00000007afd00000,0x00000007afd00000,0x00000007b2c00000)
 ParOldGen       total 88064K, used 57908K [0x0000000720000000, 0x0000000725600000, 0x000000078ab00000)
  object space 88064K, 65% used [0x0000000720000000,0x000000072388d118,0x0000000725600000)
 Metaspace       used 34808K, capacity 35370K, committed 35496K, reserved 1081344K
  class space    used 4065K, capacity 4237K, committed 4272K, reserved 1048576K
Event: 12.627 GC heap after
Heap after GC invocations=11 (full 2):
 PSYoungGen      total 441344K, used 0K [0x000000078ab00000, 0x00000007b2c00000, 0x00000007c0000000)
  eden space 392192K, 0% used [0x000000078ab00000,0x000000078ab00000,0x00000007a2a00000)
  from space 49152K, 0% used [0x00000007a2a00000,0x00000007a2a00000,0x00000007a5a00000)
  to   space 48128K, 0% used [0x00000007afd00000,0x00000007afd00000,0x00000007b2c00000)
 ParOldGen       total 145408K, used 40220K [0x0000000720000000, 0x0000000728e00000, 0x000000078ab00000)
  object space 145408K, 27% used [0x0000000720000000,0x00000007227470c0,0x0000000728e00000)
 Metaspace       used 34808K, capacity 35370K, committed 35496K, reserved 1081344K
  class space    used 4065K, capacity 4237K, committed 4272K, reserved 1048576K
}
Event: 21231.533 GC heap before
{Heap before GC invocations=12 (full 2):
 PSYoungGen      total 441344K, used 392192K [0x000000078ab00000, 0x00000007b2c00000, 0x00000007c0000000)
  eden space 392192K, 100% used [0x000000078ab00000,0x00000007a2a00000,0x00000007a2a00000)
  from space 49152K, 0% used [0x00000007a2a00000,0x00000007a2a00000,0x00000007a5a00000)
  to   space 48128K, 0% used [0x00000007afd00000,0x00000007afd00000,0x00000007b2c00000)
 ParOldGen       total 145408K, used 40220K [0x0000000720000000, 0x0000000728e00000, 0x000000078ab00000)
  object space 145408K, 27% used [0x0000000720000000,0x00000007227470c0,0x0000000728e00000)
 Metaspace       used 42099K, capacity 42782K, committed 43048K, reserved 1087488K
  class space    used 4931K, capacity 5143K, committed 5168K, reserved 1048576K

