# JRE version: Java(TM) SE Runtime Environment (8.0_144-b01) (build 1.8.0_144-b01)
# Java VM: Java HotSpot(TM) 64-Bit Server VM (25.144-b01 mixed mode windows-amd64 compressed oops)
Heap:
 PSYoungGen      total 434176K, used 206133K [0x000000078ab00000, 0x00000007a8580000, 0x00000007c0000000)
  eden space 394752K, 52% used [0x000000078ab00000,0x000000079744d420,0x00000007a2c80000)
  from space 39424K, 0% used [0x00000007a5f00000,0x00000007a5f00000,0x00000007a8580000)
  to   space 45568K, 0% used [0x00000007a2c80000,0x00000007a2c80000,0x00000007a5900000)
 ParOldGen       total 148480K, used 42610K [0x0000000720000000, 0x0000000729100000, 0x000000078ab00000)
  object space 148480K, 28% used [0x0000000720000000,0x000000072299cb20,0x0000000729100000)
 Metaspace       used 44572K, capacity 45358K, committed 45736K, reserved 1089536K
  class space    used 5309K, capacity 5522K, committed 5552K, reserved 1048576K
GC Heap History (10 events):
Event: 8.360 GC heap before
{Heap before GC invocations=6 (full 1):
 PSYoungGen      total 170496K, used 163840K [0x000000078ab00000, 0x0000000795800000, 0x00000007c0000000)
  eden space 163840K, 100% used [0x000000078ab00000,0x0000000794b00000,0x0000000794b00000)
  from space 6656K, 0% used [0x0000000795180000,0x0000000795180000,0x0000000795800000)
  to   space 6656K, 0% used [0x0000000794b00000,0x0000000794b00000,0x0000000795180000)
 ParOldGen       total 87552K, used 15921K [0x0000000720000000, 0x0000000725580000, 0x000000078ab00000)
  object space 87552K, 18% used [0x0000000720000000,0x0000000720f8c4e0,0x0000000725580000)
 Metaspace       used 23834K, capacity 24358K, committed 24496K, reserved 1071104K
  class space    used 2773K, capacity 2902K, committed 2992K, reserved 1048576K
Event: 8.421 GC heap after
Heap after GC invocations=6 (full 1):
 PSYoungGen      total 170496K, used 6651K [0x000000078ab00000, 0x000000079c700000, 0x00000007c0000000)
  eden space 163840K, 0% used [0x000000078ab00000,0x000000078ab00000,0x0000000794b00000)
  from space 6656K, 99% used [0x0000000794b00000,0x000000079517edd8,0x0000000795180000)
  to   space 24064K, 0% used [0x000000079af80000,0x000000079af80000,0x000000079c700000)
 ParOldGen       total 87552K, used 33741K [0x0000000720000000, 0x0000000725580000, 0x000000078ab00000)
  object space 87552K, 38% used [0x0000000720000000,0x00000007220f3680,0x0000000725580000)
 Metaspace       used 23834K, capacity 24358K, committed 24496K, reserved 1071104K
  class space    used 2773K, capacity 2902K, committed 2992K, reserved 1048576K
}
Event: 9.463 GC heap before
{Heap before GC invocations=7 (full 1):
 PSYoungGen      total 170496K, used 170491K [0x000000078ab00000, 0x000000079c700000, 0x00000007c0000000)
  eden space 163840K, 100% used [0x000000078ab00000,0x0000000794b00000,0x0000000794b00000)
  from space 6656K, 99% used [0x0000000794b00000,0x000000079517edd8,0x0000000795180000)
  to   space 24064K, 0% used [0x000000079af80000,0x000000079af80000,0x000000079c700000)
 ParOldGen       total 87552K, used 33741K [0x0000000720000000, 0x0000000725580000, 0x000000078ab00000)
  object space 87552K, 38% used [0x0000000720000000,0x00000007220f3680,0x0000000725580000)
 Metaspace       used 23839K, capacity 24358K, committed 24496K, reserved 1071104K
  class space    used 2773K, capacity 2902K, committed 2992K, reserved 1048576K
Event: 9.572 GC heap after
Heap after GC invocations=7 (full 1):
 PSYoungGen      total 258560K, used 24045K [0x000000078ab00000, 0x000000079ef80000, 0x00000007c0000000)
  eden space 234496K, 0% used [0x000000078ab00000,0x000000078ab00000,0x0000000799000000)
  from space 24064K, 99% used [0x000000079af80000,0x000000079c6fb500,0x000000079c700000)
  to   space 32256K, 0% used [0x0000000799000000,0x0000000799000000,0x000000079af80000)
 ParOldGen       total 87552K, used 39748K [0x0000000720000000, 0x0000000725580000, 0x000000078ab00000)
  object space 87552K, 45% used [0x0000000720000000,0x00000007226d12a0,0x0000000725580000)
 Metaspace       used 23839K, capacity 24358K, committed 24496K, reserved 1071104K
  class space    used 2773K, capacity 2902K, committed 2992K, reserved 1048576K
}
Event: 10.714 GC heap before
{Heap before GC invocations=8 (full 1):
 PSYoungGen      total 258560K, used 258541K [0x000000078ab00000, 0x000000079ef80000, 0x00000007c0000000)
  eden space 234496K, 100% used [0x000000078ab00000,0x0000000799000000,0x0000000799000000)
  from space 24064K, 99% used [0x000000079af80000,0x000000079c6fb500,0x000000079c700000)
  to   space 32256K, 0% used [0x0000000799000000,0x0000000799000000,0x000000079af80000)
 ParOldGen       total 87552K, used 39748K [0x0000000720000000, 0x0000000725580000, 0x000000078ab00000)
  object space 87552K, 45% used [0x0000000720000000,0x00000007226d12a0,0x0000000725580000)
 Metaspace       used 23869K, capacity 24404K, committed 24496K, reserved 1071104K
  class space    used 2778K, capacity 2936K, committed 2992K, reserved 1048576K
Event: 10.858 GC heap after
Heap after GC invocations=8 (full 1):
 PSYoungGen      total 266752K, used 32249K [0x000000078ab00000, 0x00000007a8a00000, 0x00000007c0000000)
  eden space 234496K, 0% used [0x000000078ab00000,0x000000078ab00000,0x0000000799000000)
  from space 32256K, 99% used [0x0000000799000000,0x000000079af7e648,0x000000079af80000)
  to   space 44032K, 0% used [0x00000007a5f00000,0x00000007a5f00000,0x00000007a8a00000)
 ParOldGen       total 87552K, used 51511K [0x0000000720000000, 0x0000000725580000, 0x000000078ab00000)
  object space 87552K, 58% used [0x0000000720000000,0x000000072324dfb0,0x0000000725580000)
 Metaspace       used 23869K, capacity 24404K, committed 24496K, reserved 1071104K
  class space    used 2778K, capacity 2936K, committed 2992K, reserved 1048576K
}
Event: 13.819 GC heap before
{Heap before GC invocations=9 (full 1):
 PSYoungGen      total 266752K, used 235192K [0x000000078ab00000, 0x00000007a8a00000, 0x00000007c0000000)
  eden space 234496K, 86% used [0x000000078ab00000,0x000000079712fd20,0x0000000799000000)
  from space 32256K, 99% used [0x0000000799000000,0x000000079af7e648,0x000000079af80000)
  to   space 44032K, 0% used [0x00000007a5f00000,0x00000007a5f00000,0x00000007a8a00000)
 ParOldGen       total 87552K, used 51511K [0x0000000720000000, 0x0000000725580000, 0x000000078ab00000)
  object space 87552K, 58% used [0x0000000720000000,0x000000072324dfb0,0x0000000725580000)
 Metaspace       used 34636K, capacity 35342K, committed 35496K, reserved 1081344K
  class space    used 4082K, capacity 4271K, committed 4272K, reserved 1048576K
Event: 13.890 GC heap after
Heap after GC invocations=9 (full 1):
 PSYoungGen      total 434176K, used 29531K [0x000000078ab00000, 0x00000007a8580000, 0x00000007c0000000)
  eden space 394752K, 0% used [0x000000078ab00000,0x000000078ab00000,0x00000007a2c80000)
  from space 39424K, 74% used [0x00000007a5f00000,0x00000007a7bd6eb0,0x00000007a8580000)
  to   space 45568K, 0% used [0x00000007a2c80000,0x00000007a2c80000,0x00000007a5900000)
 ParOldGen       total 87552K, used 51519K [0x0000000720000000, 0x0000000725580000, 0x000000078ab00000)
  object space 87552K, 58% used [0x0000000720000000,0x000000072324ffb0,0x0000000725580000)
 Metaspace       used 34636K, capacity 35342K, committed 35496K, reserved 1081344K
  class space    used 4082K, capacity 4271K, committed 4272K, reserved 1048576K
}
Event: 13.890 GC heap before
{Heap before GC invocations=10 (full 2):
 PSYoungGen      total 434176K, used 29531K [0x000000078ab00000, 0x00000007a8580000, 0x00000007c0000000)
  eden space 394752K, 0% used [0x000000078ab00000,0x000000078ab00000,0x00000007a2c80000)
  from space 39424K, 74% used [0x00000007a5f00000,0x00000007a7bd6eb0,0x00000007a8580000)
  to   space 45568K, 0% used [0x00000007a2c80000,0x00000007a2c80000,0x00000007a5900000)
 ParOldGen       total 87552K, used 51519K [0x0000000720000000, 0x0000000725580000, 0x000000078ab00000)
  object space 87552K, 58% used [0x0000000720000000,0x000000072324ffb0,0x0000000725580000)
 Metaspace       used 34636K, capacity 35342K, committed 35496K, reserved 1081344K
  class space    used 4082K, capacity 4271K, committed 4272K, reserved 1048576K
Event: 14.192 GC heap after
Heap after GC invocations=10 (full 2):
 PSYoungGen      total 434176K, used 0K [0x000000078ab00000, 0x00000007a8580000, 0x00000007c0000000)
  eden space 394752K, 0% used [0x000000078ab00000,0x000000078ab00000,0x00000007a2c80000)
  from space 39424K, 0% used [0x00000007a5f00000,0x00000007a5f00000,0x00000007a8580000)
  to   space 45568K, 0% used [0x00000007a2c80000,0x00000007a2c80000,0x00000007a5900000)
 ParOldGen       total 148480K, used 42610K [0x0000000720000000, 0x0000000729100000, 0x000000078ab00000)
  object space 148480K, 28% used [0x0000000720000000,0x000000072299cb20,0x0000000729100000)
 Metaspace       used 34636K, capacity 35342K, committed 35496K, reserved 1081344K
  class space    used 4082K, capacity 4271K, committed 4272K, reserved 1048576K
}

