# JRE version: Java(TM) SE Runtime Environment (8.0_144-b01) (build 1.8.0_144-b01)
# Java VM: Java HotSpot(TM) 64-Bit Server VM (25.144-b01 mixed mode windows-amd64 compressed oops)
Heap:
 PSYoungGen      total 692736K, used 9133K [0x000000078ab00000, 0x00000007bb200000, 0x00000007c0000000)
  eden space 692224K, 1% used [0x000000078ab00000,0x000000078b3d3430,0x00000007b4f00000)
  from space 512K, 18% used [0x00000007b6f00000,0x00000007b6f18000,0x00000007b6f80000)
  to   space 41984K, 0% used [0x00000007b8900000,0x00000007b8900000,0x00000007bb200000)
 ParOldGen       total 123392K, used 50100K [0x0000000720000000, 0x0000000727880000, 0x000000078ab00000)
  object space 123392K, 40% used [0x0000000720000000,0x00000007230ed250,0x0000000727880000)
 Metaspace       used 46033K, capacity 46830K, committed 47272K, reserved 1091584K
  class space    used 5468K, capacity 5699K, committed 5808K, reserved 1048576K
GC Heap History (10 events):
Event: 7809.103 GC heap before
{Heap before GC invocations=15 (full 2):
 PSYoungGen      total 479232K, used 450353K [0x000000078ab00000, 0x00000007aaa80000, 0x00000007c0000000)
  eden space 435200K, 100% used [0x000000078ab00000,0x00000007a5400000,0x00000007a5400000)
  from space 44032K, 34% used [0x00000007a7d80000,0x00000007a8c4c5a0,0x00000007aa880000)
  to   space 42496K, 0% used [0x00000007a5400000,0x00000007a5400000,0x00000007a7d80000)
 ParOldGen       total 123392K, used 43121K [0x0000000720000000, 0x0000000727880000, 0x000000078ab00000)
  object space 123392K, 34% used [0x0000000720000000,0x0000000722a1c688,0x0000000727880000)
 Metaspace       used 45839K, capacity 46638K, committed 47016K, reserved 1091584K
  class space    used 5465K, capacity 5699K, committed 5808K, reserved 1048576K
Event: 7809.119 GC heap after
Heap after GC invocations=15 (full 2):
 PSYoungGen      total 477696K, used 96K [0x000000078ab00000, 0x00000007b4880000, 0x00000007c0000000)
  eden space 435200K, 0% used [0x000000078ab00000,0x000000078ab00000,0x00000007a5400000)
  from space 42496K, 0% used [0x00000007a5400000,0x00000007a5418000,0x00000007a7d80000)
  to   space 43520K, 0% used [0x00000007b1e00000,0x00000007b1e00000,0x00000007b4880000)
 ParOldGen       total 123392K, used 50004K [0x0000000720000000, 0x0000000727880000, 0x000000078ab00000)
  object space 123392K, 40% used [0x0000000720000000,0x00000007230d51f0,0x0000000727880000)
 Metaspace       used 45839K, capacity 46638K, committed 47016K, reserved 1091584K
  class space    used 5465K, capacity 5699K, committed 5808K, reserved 1048576K
}
Event: 9145.066 GC heap before
{Heap before GC invocations=16 (full 2):
 PSYoungGen      total 477696K, used 435296K [0x000000078ab00000, 0x00000007b4880000, 0x00000007c0000000)
  eden space 435200K, 100% used [0x000000078ab00000,0x00000007a5400000,0x00000007a5400000)
  from space 42496K, 0% used [0x00000007a5400000,0x00000007a5418000,0x00000007a7d80000)
  to   space 43520K, 0% used [0x00000007b1e00000,0x00000007b1e00000,0x00000007b4880000)
 ParOldGen       total 123392K, used 50004K [0x0000000720000000, 0x0000000727880000, 0x000000078ab00000)
  object space 123392K, 40% used [0x0000000720000000,0x00000007230d51f0,0x0000000727880000)
 Metaspace       used 45896K, capacity 46638K, committed 47016K, reserved 1091584K
  class space    used 5466K, capacity 5699K, committed 5808K, reserved 1048576K
Event: 9145.069 GC heap after
Heap after GC invocations=16 (full 2):
 PSYoungGen      total 606208K, used 96K [0x000000078ab00000, 0x00000007b3700000, 0x00000007c0000000)
  eden space 580608K, 0% used [0x000000078ab00000,0x000000078ab00000,0x00000007ae200000)
  from space 25600K, 0% used [0x00000007b1e00000,0x00000007b1e18000,0x00000007b3700000)
  to   space 43520K, 0% used [0x00000007ae200000,0x00000007ae200000,0x00000007b0c80000)
 ParOldGen       total 123392K, used 50012K [0x0000000720000000, 0x0000000727880000, 0x000000078ab00000)
  object space 123392K, 40% used [0x0000000720000000,0x00000007230d71f0,0x0000000727880000)
 Metaspace       used 45896K, capacity 46638K, committed 47016K, reserved 1091584K
  class space    used 5466K, capacity 5699K, committed 5808K, reserved 1048576K
}
Event: 10605.466 GC heap before
{Heap before GC invocations=17 (full 2):
 PSYoungGen      total 606208K, used 580704K [0x000000078ab00000, 0x00000007b3700000, 0x00000007c0000000)
  eden space 580608K, 100% used [0x000000078ab00000,0x00000007ae200000,0x00000007ae200000)
  from space 25600K, 0% used [0x00000007b1e00000,0x00000007b1e18000,0x00000007b3700000)
  to   space 43520K, 0% used [0x00000007ae200000,0x00000007ae200000,0x00000007b0c80000)
 ParOldGen       total 123392K, used 50012K [0x0000000720000000, 0x0000000727880000, 0x000000078ab00000)
  object space 123392K, 40% used [0x0000000720000000,0x00000007230d71f0,0x0000000727880000)
 Metaspace       used 45947K, capacity 46702K, committed 47272K, reserved 1091584K
  class space    used 5468K, capacity 5699K, committed 5808K, reserved 1048576K
Event: 10605.470 GC heap after
Heap after GC invocations=17 (full 2):
 PSYoungGen      total 624128K, used 128K [0x000000078ab00000, 0x00000007bdc00000, 0x00000007c0000000)
  eden space 580608K, 0% used [0x000000078ab00000,0x000000078ab00000,0x00000007ae200000)
  from space 43520K, 0% used [0x00000007ae200000,0x00000007ae220000,0x00000007b0c80000)
  to   space 43520K, 0% used [0x00000007bb180000,0x00000007bb180000,0x00000007bdc00000)
 ParOldGen       total 123392K, used 50052K [0x0000000720000000, 0x0000000727880000, 0x000000078ab00000)
  object space 123392K, 40% used [0x0000000720000000,0x00000007230e1220,0x0000000727880000)
 Metaspace       used 45947K, capacity 46702K, committed 47272K, reserved 1091584K
  class space    used 5468K, capacity 5699K, committed 5808K, reserved 1048576K
}
Event: 11941.956 GC heap before
{Heap before GC invocations=18 (full 2):
 PSYoungGen      total 624128K, used 580736K [0x000000078ab00000, 0x00000007bdc00000, 0x00000007c0000000)
  eden space 580608K, 100% used [0x000000078ab00000,0x00000007ae200000,0x00000007ae200000)
  from space 43520K, 0% used [0x00000007ae200000,0x00000007ae220000,0x00000007b0c80000)
  to   space 43520K, 0% used [0x00000007bb180000,0x00000007bb180000,0x00000007bdc00000)
 ParOldGen       total 123392K, used 50052K [0x0000000720000000, 0x0000000727880000, 0x000000078ab00000)
  object space 123392K, 40% used [0x0000000720000000,0x00000007230e1220,0x0000000727880000)
 Metaspace       used 46025K, capacity 46766K, committed 47272K, reserved 1091584K
  class space    used 5468K, capacity 5699K, committed 5808K, reserved 1048576K
Event: 11941.963 GC heap after
Heap after GC invocations=18 (full 2):
 PSYoungGen      total 742912K, used 96K [0x000000078ab00000, 0x00000007bc300000, 0x00000007c0000000)
  eden space 724992K, 0% used [0x000000078ab00000,0x000000078ab00000,0x00000007b6f00000)
  from space 17920K, 0% used [0x00000007bb180000,0x00000007bb198000,0x00000007bc300000)
  to   space 43008K, 0% used [0x00000007b6f00000,0x00000007b6f00000,0x00000007b9900000)
 ParOldGen       total 123392K, used 50092K [0x0000000720000000, 0x0000000727880000, 0x000000078ab00000)
  object space 123392K, 40% used [0x0000000720000000,0x00000007230eb250,0x0000000727880000)
 Metaspace       used 46025K, capacity 46766K, committed 47272K, reserved 1091584K
  class space    used 5468K, capacity 5699K, committed 5808K, reserved 1048576K
}
Event: 13294.482 GC heap before
{Heap before GC invocations=19 (full 2):
 PSYoungGen      total 742912K, used 725088K [0x000000078ab00000, 0x00000007bc300000, 0x00000007c0000000)
  eden space 724992K, 100% used [0x000000078ab00000,0x00000007b6f00000,0x00000007b6f00000)
  from space 17920K, 0% used [0x00000007bb180000,0x00000007bb198000,0x00000007bc300000)
  to   space 43008K, 0% used [0x00000007b6f00000,0x00000007b6f00000,0x00000007b9900000)
 ParOldGen       total 123392K, used 50092K [0x0000000720000000, 0x0000000727880000, 0x000000078ab00000)
  object space 123392K, 40% used [0x0000000720000000,0x00000007230eb250,0x0000000727880000)
 Metaspace       used 46033K, capacity 46766K, committed 47272K, reserved 1091584K
  class space    used 5468K, capacity 5699K, committed 5808K, reserved 1048576K
Event: 13294.485 GC heap after
Heap after GC invocations=19 (full 2):
 PSYoungGen      total 692736K, used 96K [0x000000078ab00000, 0x00000007bb200000, 0x00000007c0000000)
  eden space 692224K, 0% used [0x000000078ab00000,0x000000078ab00000,0x00000007b4f00000)
  from space 512K, 18% used [0x00000007b6f00000,0x00000007b6f18000,0x00000007b6f80000)
  to   space 41984K, 0% used [0x00000007b8900000,0x00000007b8900000,0x00000007bb200000)
 ParOldGen       total 123392K, used 50100K [0x0000000720000000, 0x0000000727880000, 0x000000078ab00000)
  object space 123392K, 40% used [0x0000000720000000,0x00000007230ed250,0x0000000727880000)
 Metaspace       used 46033K, capacity 46766K, committed 47272K, reserved 1091584K
  class space    used 5468K, capacity 5699K, committed 5808K, reserved 1048576K
}

